    1  passwd
    2  wget www.github.com
    3  git clone https://github.com/chandrakhushi/cs131.git
    4  cd cs131/
    5  mkdir Worksheet1
    6  history > cmds.log
    7  git add cmds.log
    8  git commit -m "Add command history log"
    9  git push
   10  git config --global user.name "khushisp24"
   11  clear
   12  cd ..
   13  clear
   14  cd .
   15  cd ..
   16  wget www.github.com
   17  git config --global user.name "chandrakhushi"
   18  git config --global user.email "khushi.chandra@outlook.com"
   19  git clone git@github.com:chandrakhushi/cs131.git
   20  cd cs 131
   21  cd cs131
   22  mkdir Worksheet1
   23  history > cmds.log
   24  git add cmds.log
   25  git commit -m "Command history log added"
   26  git push
   27  wget www.github.com
   28  git config --global user.name "chandrakhushi"
   29  git config --global user.email "khushi.chandra@outlook.com"
   30  git clone https://github.com/chandrakhushi/cs131.git
   31  rm cs131/
   32  rmdir cs131/
   33  cd cs131/
   34  cd 
   35  rm -r cs131/
   36  cd cs131/
   37  ls
   38  cd 
   39  rmdir cs131/
   40  rm -r cs131/.git/
   41  ls
   42  rm cs131/
   43  rmdir cs131/
   44  cd cs131/
   45  ls
   46  cd
   47  ls
   48  rmdir cs131
   49  man rm
   50  rm -rf cs131
   51  cd cs131
   52  clear
   53  wget www.github.com
   54  git config --global user.name "chandrakhushi"
   55  git config --global user.email "khushi.chandra@outlook.com"
   56  git clone https://github.com/chandrakhushi/cs131.git
   57  cd cs131
   58  mkdir Worksheet1
   59  cd Worksheet1
   60  history > cmds.log
   61  git add cmds.log
   62  git commit -m "Command history log added"
   63  git push
   64  ls
   65  git push
   66  sudo cat/etc/shadow
   67  clear
   68  git clone https://github.com/chandrakhushi/cs131.git
   69  ls cs131
   70  cd Worksheet1
   71  vi Worksheet1
   72  ls cs131
   73  cd Worksheet1
   74  wget www.github.com
   75  git config --global user.name "chandrakhushi"
   76  git config --global user.email "khushi.chandra@outlook.com"
   77  git clone https://github.com/chandrakhushi/cs131.git
   78  cd cs131
   79  mkdir Worksheet2
   80  cd Worksheet2
   81  wget https://raw.githubusercontent.com/khanchandaniashish/CS131/main/Global%20YouTube%20Statistics.csv
   82  grep "United States" Global\ YouTube\ Statistics.csv
   83  grep "Music" Global\ YouTube\ Statistics.csv
   84  grep "Music" Global\ YouTube\ Statistics.csv | wc -l > counts.txt
   85  grep "Music" Global\ YouTube\ Statistics.csv | wc -w >






------------------------------------------------------------------------------------------
ASSIGNMENT 2:

  145  git config --global user.name "chandrakhushi"
  146  git config --global user.email "khushi.chandra@outlook.com"
  147  git clone https://github.com/chandrakhushi/cs131.git
  148  cd cs131
  149  clear
  150  mkdir Assignment2
  151  cd Assignment2
  152  ./

------  TASK 1 ------------
  153  find /etc -type f > one.txt 2> two.txt
  154  cat one.txt
  155  cat two.txt

---------------------------
  156  vi Assignment2.txt-
  157  cut -d',' -f20,21 Global\ YouTube\ Statistics.csv > chanelsCreatedMonth.txt
  158  wget https://raw.githubusercontent.com/khanchandaniashish/CS131/main/spotify-2023.csv
------ TASK 2  -------------
  159  wget https://raw.githubusercontent.com/khanchandaniashish/CS131/main/Global%20YouTube%20Statistics.csv
  160  head 'Global YouTubeStatistics.csv'
  161  cut -d ',' -f22,23 "Global YouTube Statistics.csv" | tail -n +2 | sort | uniq -c | sort -nr | head -n 3
  162  cut -d ',' -f21,22 "Global YouTube Statistics.csv" | tail -n +2 | sort | uniq -c | sort -nr | head -n 3
  163  cut -d',' -f 20,21 "Global YouTube Statistics.csv >storing.txt
  164  clear
  165  try.txt
  166  git config --global user.name "chandrakhushi"
  167  git config --global user.email "khushi.chandra@outlook.com"
  168  cd cs131
  169  ls
  170  cd Assignment2
  171  ls
  172  vi Assigment2.txt
  173  vi Assignment2.txt
  174  rm -f Assigment2.txt
  175  ls
  176  rm -f spotify-2023.csv 
  177  rm -f channelsCreatedMonth.txt
  178  ls
  179  rmdir channelsCreatedMonth.txt
  180  ls
  181  rm -f chanelsCreatedMonth.txt
  182  ls

------ TASK 2(CONTINUED) -------------
  183  cut -d',' -f20,21 "Global YouTube Statistics.csv" | sort | uniq -c | sort -nr | head -n 3
  184  vi Assignment2.txt

------ TASK 3  -------------
  185  ps -u khushisp24
  186  vi Assignment2.txt

------ TASK 4  -------------
  187  vi file.txt
  188  vi Assignment2.txt

------ TASK 5  -------------
  189  ps -eo pid,cmd | grep -E '\b(systemd|init)\b
ps -eo pid,cmd | grep -E '\b(systemd|init)\b'
  190  ps -eo pid,cmd | grep -E '\b(systemd|init)\b'
  191  vi Assignment2.txt
  192  history > cmds.log
